libtool: compile:  gcc -I. -I/home/penlook/cmd/php/volt/ext -DPHP_ATOM_INC -I/home/penlook/cmd/php/volt/ext/include -I/home/penlook/cmd/php/volt/ext/main -I/home/penlook/cmd/php/volt/ext -I/usr/include/php5 -I/usr/include/php5/main -I/usr/include/php5/TSRM -I/usr/include/php5/Zend -I/usr/include/php5/ext -I/usr/include/php5/ext/date/lib -DHAVE_CONFIG_H -O2 -fvisibility=hidden -Wparentheses -flto -DZEPHIR_RELEASE=1 -c /home/penlook/cmd/php/volt/ext/volt.c  -fPIC -DPIC -o .libs/volt.o
libtool: compile:  gcc -I. -I/home/penlook/cmd/php/volt/ext -DPHP_ATOM_INC -I/home/penlook/cmd/php/volt/ext/include -I/home/penlook/cmd/php/volt/ext/main -I/home/penlook/cmd/php/volt/ext -I/usr/include/php5 -I/usr/include/php5/main -I/usr/include/php5/TSRM -I/usr/include/php5/Zend -I/usr/include/php5/ext -I/usr/include/php5/ext/date/lib -DHAVE_CONFIG_H -O2 -fvisibility=hidden -Wparentheses -flto -DZEPHIR_RELEASE=1 -c /home/penlook/cmd/php/volt/ext/kernel/main.c  -fPIC -DPIC -o kernel/.libs/main.o
libtool: compile:  gcc -I. -I/home/penlook/cmd/php/volt/ext -DPHP_ATOM_INC -I/home/penlook/cmd/php/volt/ext/include -I/home/penlook/cmd/php/volt/ext/main -I/home/penlook/cmd/php/volt/ext -I/usr/include/php5 -I/usr/include/php5/main -I/usr/include/php5/TSRM -I/usr/include/php5/Zend -I/usr/include/php5/ext -I/usr/include/php5/ext/date/lib -DHAVE_CONFIG_H -O2 -fvisibility=hidden -Wparentheses -flto -DZEPHIR_RELEASE=1 -c /home/penlook/cmd/php/volt/ext/kernel/memory.c  -fPIC -DPIC -o kernel/.libs/memory.o
libtool: compile:  gcc -I. -I/home/penlook/cmd/php/volt/ext -DPHP_ATOM_INC -I/home/penlook/cmd/php/volt/ext/include -I/home/penlook/cmd/php/volt/ext/main -I/home/penlook/cmd/php/volt/ext -I/usr/include/php5 -I/usr/include/php5/main -I/usr/include/php5/TSRM -I/usr/include/php5/Zend -I/usr/include/php5/ext -I/usr/include/php5/ext/date/lib -DHAVE_CONFIG_H -O2 -fvisibility=hidden -Wparentheses -flto -DZEPHIR_RELEASE=1 -c /home/penlook/cmd/php/volt/ext/kernel/exception.c  -fPIC -DPIC -o kernel/.libs/exception.o
libtool: compile:  gcc -I. -I/home/penlook/cmd/php/volt/ext -DPHP_ATOM_INC -I/home/penlook/cmd/php/volt/ext/include -I/home/penlook/cmd/php/volt/ext/main -I/home/penlook/cmd/php/volt/ext -I/usr/include/php5 -I/usr/include/php5/main -I/usr/include/php5/TSRM -I/usr/include/php5/Zend -I/usr/include/php5/ext -I/usr/include/php5/ext/date/lib -DHAVE_CONFIG_H -O2 -fvisibility=hidden -Wparentheses -flto -DZEPHIR_RELEASE=1 -c /home/penlook/cmd/php/volt/ext/kernel/hash.c  -fPIC -DPIC -o kernel/.libs/hash.o
libtool: compile:  gcc -I. -I/home/penlook/cmd/php/volt/ext -DPHP_ATOM_INC -I/home/penlook/cmd/php/volt/ext/include -I/home/penlook/cmd/php/volt/ext/main -I/home/penlook/cmd/php/volt/ext -I/usr/include/php5 -I/usr/include/php5/main -I/usr/include/php5/TSRM -I/usr/include/php5/Zend -I/usr/include/php5/ext -I/usr/include/php5/ext/date/lib -DHAVE_CONFIG_H -O2 -fvisibility=hidden -Wparentheses -flto -DZEPHIR_RELEASE=1 -c /home/penlook/cmd/php/volt/ext/kernel/debug.c  -fPIC -DPIC -o kernel/.libs/debug.o
libtool: compile:  gcc -I. -I/home/penlook/cmd/php/volt/ext -DPHP_ATOM_INC -I/home/penlook/cmd/php/volt/ext/include -I/home/penlook/cmd/php/volt/ext/main -I/home/penlook/cmd/php/volt/ext -I/usr/include/php5 -I/usr/include/php5/main -I/usr/include/php5/TSRM -I/usr/include/php5/Zend -I/usr/include/php5/ext -I/usr/include/php5/ext/date/lib -DHAVE_CONFIG_H -O2 -fvisibility=hidden -Wparentheses -flto -DZEPHIR_RELEASE=1 -c /home/penlook/cmd/php/volt/ext/kernel/backtrace.c  -fPIC -DPIC -o kernel/.libs/backtrace.o
libtool: compile:  gcc -I. -I/home/penlook/cmd/php/volt/ext -DPHP_ATOM_INC -I/home/penlook/cmd/php/volt/ext/include -I/home/penlook/cmd/php/volt/ext/main -I/home/penlook/cmd/php/volt/ext -I/usr/include/php5 -I/usr/include/php5/main -I/usr/include/php5/TSRM -I/usr/include/php5/Zend -I/usr/include/php5/ext -I/usr/include/php5/ext/date/lib -DHAVE_CONFIG_H -O2 -fvisibility=hidden -Wparentheses -flto -DZEPHIR_RELEASE=1 -c /home/penlook/cmd/php/volt/ext/kernel/object.c  -fPIC -DPIC -o kernel/.libs/object.o
libtool: compile:  gcc -I. -I/home/penlook/cmd/php/volt/ext -DPHP_ATOM_INC -I/home/penlook/cmd/php/volt/ext/include -I/home/penlook/cmd/php/volt/ext/main -I/home/penlook/cmd/php/volt/ext -I/usr/include/php5 -I/usr/include/php5/main -I/usr/include/php5/TSRM -I/usr/include/php5/Zend -I/usr/include/php5/ext -I/usr/include/php5/ext/date/lib -DHAVE_CONFIG_H -O2 -fvisibility=hidden -Wparentheses -flto -DZEPHIR_RELEASE=1 -c /home/penlook/cmd/php/volt/ext/kernel/array.c  -fPIC -DPIC -o kernel/.libs/array.o
libtool: compile:  gcc -I. -I/home/penlook/cmd/php/volt/ext -DPHP_ATOM_INC -I/home/penlook/cmd/php/volt/ext/include -I/home/penlook/cmd/php/volt/ext/main -I/home/penlook/cmd/php/volt/ext -I/usr/include/php5 -I/usr/include/php5/main -I/usr/include/php5/TSRM -I/usr/include/php5/Zend -I/usr/include/php5/ext -I/usr/include/php5/ext/date/lib -DHAVE_CONFIG_H -O2 -fvisibility=hidden -Wparentheses -flto -DZEPHIR_RELEASE=1 -c /home/penlook/cmd/php/volt/ext/kernel/extended/array.c  -fPIC -DPIC -o kernel/extended/.libs/array.o
libtool: compile:  gcc -I. -I/home/penlook/cmd/php/volt/ext -DPHP_ATOM_INC -I/home/penlook/cmd/php/volt/ext/include -I/home/penlook/cmd/php/volt/ext/main -I/home/penlook/cmd/php/volt/ext -I/usr/include/php5 -I/usr/include/php5/main -I/usr/include/php5/TSRM -I/usr/include/php5/Zend -I/usr/include/php5/ext -I/usr/include/php5/ext/date/lib -DHAVE_CONFIG_H -O2 -fvisibility=hidden -Wparentheses -flto -DZEPHIR_RELEASE=1 -c /home/penlook/cmd/php/volt/ext/kernel/string.c  -fPIC -DPIC -o kernel/.libs/string.o
libtool: compile:  gcc -I. -I/home/penlook/cmd/php/volt/ext -DPHP_ATOM_INC -I/home/penlook/cmd/php/volt/ext/include -I/home/penlook/cmd/php/volt/ext/main -I/home/penlook/cmd/php/volt/ext -I/usr/include/php5 -I/usr/include/php5/main -I/usr/include/php5/TSRM -I/usr/include/php5/Zend -I/usr/include/php5/ext -I/usr/include/php5/ext/date/lib -DHAVE_CONFIG_H -O2 -fvisibility=hidden -Wparentheses -flto -DZEPHIR_RELEASE=1 -c /home/penlook/cmd/php/volt/ext/kernel/fcall.c  -fPIC -DPIC -o kernel/.libs/fcall.o
libtool: compile:  gcc -I. -I/home/penlook/cmd/php/volt/ext -DPHP_ATOM_INC -I/home/penlook/cmd/php/volt/ext/include -I/home/penlook/cmd/php/volt/ext/main -I/home/penlook/cmd/php/volt/ext -I/usr/include/php5 -I/usr/include/php5/main -I/usr/include/php5/TSRM -I/usr/include/php5/Zend -I/usr/include/php5/ext -I/usr/include/php5/ext/date/lib -DHAVE_CONFIG_H -O2 -fvisibility=hidden -Wparentheses -flto -DZEPHIR_RELEASE=1 -c /home/penlook/cmd/php/volt/ext/kernel/require.c  -fPIC -DPIC -o kernel/.libs/require.o
.libs/fcall.o
libtool: compile:  gcc -I. -I/home/penlook/cmd/php/volt/ext -DPHP_ATOM_INC -I/home/penlook/cmd/php/volt/ext/include -I/home/penlook/cmd/php/volt/ext/main -I/home/penlook/cmd/php/volt/ext -I/usr/include/php5 -I/usr/include/php5/main -I/usr/include/php5/TSRM -I/usr/include/php5/Zend -I/usr/include/php5/ext -I/usr/include/php5/ext/date/lib -DHAVE_CONFIG_H -O2 -fvisibility=hidden -Wparentheses -flto -DZEPHIR_RELEASE=1 -c /home/penlook/cmd/php/volt/ext/kernel/file.c  -fPIC -DPIC -o kernel/.libs/file.o
libtool: compile:  gcc -I. -I/home/penlook/cmd/php/volt/ext -DPHP_ATOM_INC -I/home/penlook/cmd/php/volt/ext/include -I/home/penlook/cmd/php/volt/ext/main -I/home/penlook/cmd/php/volt/ext -I/usr/include/php5 -I/usr/include/php5/main -I/usr/include/php5/TSRM -I/usr/include/php5/Zend -I/usr/include/php5/ext -I/usr/include/php5/ext/date/lib -DHAVE_CONFIG_H -O2 -fvisibility=hidden -Wparentheses -flto -DZEPHIR_RELEASE=1 -c /home/penlook/cmd/php/volt/ext/kernel/operators.c  -fPIC -DPIC -o kernel/.libs/operators.o
libtool: compile:  gcc -I. -I/home/penlook/cmd/php/volt/ext -DPHP_ATOM_INC -I/home/penlook/cmd/php/volt/ext/include -I/home/penlook/cmd/php/volt/ext/main -I/home/penlook/cmd/php/volt/ext -I/usr/include/php5 -I/usr/include/php5/main -I/usr/include/php5/TSRM -I/usr/include/php5/Zend -I/usr/include/php5/ext -I/usr/include/php5/ext/date/lib -DHAVE_CONFIG_H -O2 -fvisibility=hidden -Wparentheses -flto -DZEPHIR_RELEASE=1 -c /home/penlook/cmd/php/volt/ext/kernel/math.c  -fPIC -DPIC -o kernel/.libs/math.o
libtool: compile:  gcc -I. -I/home/penlook/cmd/php/volt/ext -DPHP_ATOM_INC -I/home/penlook/cmd/php/volt/ext/include -I/home/penlook/cmd/php/volt/ext/main -I/home/penlook/cmd/php/volt/ext -I/usr/include/php5 -I/usr/include/php5/main -I/usr/include/php5/TSRM -I/usr/include/php5/Zend -I/usr/include/php5/ext -I/usr/include/php5/ext/date/lib -DHAVE_CONFIG_H -O2 -fvisibility=hidden -Wparentheses -flto -DZEPHIR_RELEASE=1 -c /home/penlook/cmd/php/volt/ext/kernel/concat.c  -fPIC -DPIC -o kernel/.libs/concat.o
libtool: compile:  gcc -I. -I/home/penlook/cmd/php/volt/ext -DPHP_ATOM_INC -I/home/penlook/cmd/php/volt/ext/include -I/home/penlook/cmd/php/volt/ext/main -I/home/penlook/cmd/php/volt/ext -I/usr/include/php5 -I/usr/include/php5/main -I/usr/include/php5/TSRM -I/usr/include/php5/Zend -I/usr/include/php5/ext -I/usr/include/php5/ext/date/lib -DHAVE_CONFIG_H -O2 -fvisibility=hidden -Wparentheses -flto -DZEPHIR_RELEASE=1 -c /home/penlook/cmd/php/volt/ext/kernel/variables.c  -fPIC -DPIC -o kernel/.libs/variables.o
libtool: compile:  gcc -I. -I/home/penlook/cmd/php/volt/ext -DPHP_ATOM_INC -I/home/penlook/cmd/php/volt/ext/include -I/home/penlook/cmd/php/volt/ext/main -I/home/penlook/cmd/php/volt/ext -I/usr/include/php5 -I/usr/include/php5/main -I/usr/include/php5/TSRM -I/usr/include/php5/Zend -I/usr/include/php5/ext -I/usr/include/php5/ext/date/lib -DHAVE_CONFIG_H -O2 -fvisibility=hidden -Wparentheses -flto -DZEPHIR_RELEASE=1 -c /home/penlook/cmd/php/volt/ext/kernel/filter.c  -fPIC -DPIC -o kernel/.libs/filter.o
libtool: compile:  gcc -I. -I/home/penlook/cmd/php/volt/ext -DPHP_ATOM_INC -I/home/penlook/cmd/php/volt/ext/include -I/home/penlook/cmd/php/volt/ext/main -I/home/penlook/cmd/php/volt/ext -I/usr/include/php5 -I/usr/include/php5/main -I/usr/include/php5/TSRM -I/usr/include/php5/Zend -I/usr/include/php5/ext -I/usr/include/php5/ext/date/lib -DHAVE_CONFIG_H -O2 -fvisibility=hidden -Wparentheses -flto -DZEPHIR_RELEASE=1 -c /home/penlook/cmd/php/volt/ext/kernel/iterator.c  -fPIC -DPIC -o kernel/.libs/iterator.o
libtool: compile:  gcc -I. -I/home/penlook/cmd/php/volt/ext -DPHP_ATOM_INC -I/home/penlook/cmd/php/volt/ext/include -I/home/penlook/cmd/php/volt/ext/main -I/home/penlook/cmd/php/volt/ext -I/usr/include/php5 -I/usr/include/php5/main -I/usr/include/php5/TSRM -I/usr/include/php5/Zend -I/usr/include/php5/ext -I/usr/include/php5/ext/date/lib -DHAVE_CONFIG_H -O2 -fvisibility=hidden -Wparentheses -flto -DZEPHIR_RELEASE=1 -c /home/penlook/cmd/php/volt/ext/kernel/time.c  -fPIC -DPIC -o kernel/.libs/time.o
libtool: compile:  gcc -I. -I/home/penlook/cmd/php/volt/ext -DPHP_ATOM_INC -I/home/penlook/cmd/php/volt/ext/include -I/home/penlook/cmd/php/volt/ext/main -I/home/penlook/cmd/php/volt/ext -I/usr/include/php5 -I/usr/include/php5/main -I/usr/include/php5/TSRM -I/usr/include/php5/Zend -I/usr/include/php5/ext -I/usr/include/php5/ext/date/lib -DHAVE_CONFIG_H -O2 -fvisibility=hidden -Wparentheses -flto -DZEPHIR_RELEASE=1 -c /home/penlook/cmd/php/volt/ext/kernel/exit.c  -fPIC -DPIC -o kernel/.libs/exit.o
libtool: compile:  gcc -I. -I/home/penlook/cmd/php/volt/ext -DPHP_ATOM_INC -I/home/penlook/cmd/php/volt/ext/include -I/home/penlook/cmd/php/volt/ext/main -I/home/penlook/cmd/php/volt/ext -I/usr/include/php5 -I/usr/include/php5/main -I/usr/include/php5/TSRM -I/usr/include/php5/Zend -I/usr/include/php5/ext -I/usr/include/php5/ext/date/lib -DHAVE_CONFIG_H -O2 -fvisibility=hidden -Wparentheses -flto -DZEPHIR_RELEASE=1 -c /home/penlook/cmd/php/volt/ext/volt/compiler.zep.c  -fPIC -DPIC -o volt/.libs/compiler.o
libtool: compile:  gcc -I. -I/home/penlook/cmd/php/volt/ext -DPHP_ATOM_INC -I/home/penlook/cmd/php/volt/ext/include -I/home/penlook/cmd/php/volt/ext/main -I/home/penlook/cmd/php/volt/ext -I/usr/include/php5 -I/usr/include/php5/main -I/usr/include/php5/TSRM -I/usr/include/php5/Zend -I/usr/include/php5/ext -I/usr/include/php5/ext/date/lib -DHAVE_CONFIG_H -O2 -fvisibility=hidden -Wparentheses -flto -DZEPHIR_RELEASE=1 -c /home/penlook/cmd/php/volt/ext/phalcon/mvc/view/engine/volt/parser.c  -fPIC -DPIC -o phalcon/mvc/view/engine/volt/.libs/parser.o
libtool: compile:  gcc -I. -I/home/penlook/cmd/php/volt/ext -DPHP_ATOM_INC -I/home/penlook/cmd/php/volt/ext/include -I/home/penlook/cmd/php/volt/ext/main -I/home/penlook/cmd/php/volt/ext -I/usr/include/php5 -I/usr/include/php5/main -I/usr/include/php5/TSRM -I/usr/include/php5/Zend -I/usr/include/php5/ext -I/usr/include/php5/ext/date/lib -DHAVE_CONFIG_H -O2 -fvisibility=hidden -Wparentheses -flto -DZEPHIR_RELEASE=1 -c /home/penlook/cmd/php/volt/ext/phalcon/mvc/view/engine/volt/scanner.c  -fPIC -DPIC -o phalcon/mvc/view/engine/volt/.libs/scanner.o
libtool: link: gcc -shared  -fPIC -DPIC  .libs/volt.o kernel/.libs/main.o kernel/.libs/memory.o kernel/.libs/exception.o kernel/.libs/hash.o kernel/.libs/debug.o kernel/.libs/backtrace.o kernel/.libs/object.o kernel/.libs/array.o kernel/extended/.libs/array.o kernel/.libs/string.o kernel/.libs/fcall.o kernel/extended/.libs/fcall.o kernel/.libs/require.o kernel/.libs/file.o kernel/.libs/operators.o kernel/.libs/math.o kernel/.libs/concat.o kernel/.libs/variables.o kernel/.libs/filter.o kernel/.libs/iterator.o kernel/.libs/time.o kernel/.libs/exit.o volt/.libs/compiler.o phalcon/mvc/view/engine/volt/.libs/parser.o phalcon/mvc/view/engine/volt/.libs/scanner.o    -O2 -flto   -Wl,-soname -Wl,volt.so -o .libs/volt.so
libtool: link: ( cd ".libs" && rm -f "volt.la" && cp -pR "../volt.la" "volt.la" )
libtool: install: cp ./.libs/volt.so /home/penlook/cmd/php/volt/ext/modules/volt.so
libtool: install: cp ./.libs/volt.lai /home/penlook/cmd/php/volt/ext/modules/volt.la
libtool: finish: PATH="/usr/local/sbin:/usr/local/bin:/usr/sbin:/usr/bin:/sbin:/bin:/usr/games:/usr/local/games:/root/opt/cassandra/bin:/home/penlook/app/bin:/sbin" ldconfig -n /home/penlook/cmd/php/volt/ext/modules
----------------------------------------------------------------------
Libraries have been installed in:
   /home/penlook/cmd/php/volt/ext/modules

If you ever happen to want to link against installed libraries
in a given directory, LIBDIR, you must either use libtool, and
specify the full pathname of the library, or use the `-LLIBDIR'
flag during linking and do at least one of the following:
   - add LIBDIR to the `LD_LIBRARY_PATH' environment variable
     during execution
   - add LIBDIR to the `LD_RUN_PATH' environment variable
     during linking
   - use the `-Wl,-rpath -Wl,LIBDIR' linker flag
   - have your system administrator add LIBDIR to `/etc/ld.so.conf'

See any operating system documentation about shared libraries for
more information, such as the ld(1) and ld.so(8) manual pages.
----------------------------------------------------------------------

Build complete.
Don't forget to run 'make test'.

Installing shared extensions:     /usr/lib/php5/20131226/
Installing header files:          /usr/include/php5/
